[2016-08-19 22:18:24] main.CRITICAL: exception 'Magento\Framework\Validator\Exception' with message 'Invalid email format' in /var/www/html/magento/vendor/magento/framework/Model/AbstractModel.php:677
Stack trace:
#0 /var/www/html/magento/vendor/magento/framework/Model/ResourceModel/Db/AbstractDb.php(395): Magento\Framework\Model\AbstractModel->validateBeforeSave()
#1 /var/www/html/magento/vendor/magento/framework/Model/AbstractModel.php(615): Magento\Framework\Model\ResourceModel\Db\AbstractDb->save(Object(Magento\Quote\Model\Quote\Address))
#2 /var/www/html/magento/vendor/magento/framework/Model/ResourceModel/Db/Collection/AbstractCollection.php(593): Magento\Framework\Model\AbstractModel->save()
#3 /var/www/html/magento/vendor/magento/module-quote/Model/Quote/Relation.php(24): Magento\Framework\Model\ResourceModel\Db\Collection\AbstractCollection->save()
#4 /var/www/html/magento/vendor/magento/framework/Model/ResourceModel/Db/VersionControl/RelationComposite.php(48): Magento\Quote\Model\Quote\Relation->processRelation(Object(Magento\Quote\Model\Quote))
#5 /var/www/html/magento/vendor/magento/framework/Model/ResourceModel/Db/VersionControl/AbstractDb.php(73): Magento\Framework\Model\ResourceModel\Db\VersionControl\RelationComposite->processRelations(Object(Magento\Quote\Model\Quote))
#6 /var/www/html/magento/vendor/magento/framework/Model/ResourceModel/Db/AbstractDb.php(390): Magento\Framework\Model\ResourceModel\Db\VersionControl\AbstractDb->processNotModifiedSave(Object(Magento\Quote\Model\Quote))
#7 /var/www/html/magento/vendor/magento/module-quote/Model/ResourceModel/Quote.php(286): Magento\Framework\Model\ResourceModel\Db\AbstractDb->save(Object(Magento\Quote\Model\Quote))
#8 /var/www/html/magento/vendor/magento/framework/Model/AbstractModel.php(615): Magento\Quote\Model\ResourceModel\Quote->save(Object(Magento\Quote\Model\Quote))
#9 /var/www/html/magento/vendor/magento/module-quote/Model/QuoteRepository.php(135): Magento\Framework\Model\AbstractModel->save()
#10 /var/www/html/magento/var/generation/Magento/Quote/Model/QuoteRepository/Interceptor.php(76): Magento\Quote\Model\QuoteRepository->save(Object(Magento\Quote\Model\Quote))
#11 /var/www/html/magento/vendor/magento/module-quote/Model/BillingAddressManagement.php(104): Magento\Quote\Model\QuoteRepository\Interceptor->save(Object(Magento\Quote\Model\Quote))
#12 /var/www/html/magento/vendor/magento/module-quote/Model/GuestCart/GuestBillingAddressManagement.php(49): Magento\Quote\Model\BillingAddressManagement->assign('4', Object(Magento\Quote\Model\Quote\Address))
#13 /var/www/html/magento/vendor/magento/module-checkout/Model/GuestPaymentInformationManagement.php(93): Magento\Quote\Model\GuestCart\GuestBillingAddressManagement->assign('d67affcb3dead20...', Object(Magento\Quote\Model\Quote\Address))
#14 /var/www/html/magento/vendor/magento/module-checkout/Model/GuestPaymentInformationManagement.php(78): Magento\Checkout\Model\GuestPaymentInformationManagement->savePaymentInformation('d67affcb3dead20...', 'xzczxc@sdfds.co...', Object(Magento\Quote\Model\Quote\Payment), Object(Magento\Quote\Model\Quote\Address))
#15 [internal function]: Magento\Checkout\Model\GuestPaymentInformationManagement->savePaymentInformationAndPlaceOrder('d67affcb3dead20...', 'xzczxc@sdfds.co...', Object(Magento\Quote\Model\Quote\Payment), Object(Magento\Quote\Model\Quote\Address))
#16 /var/www/html/magento/vendor/magento/module-webapi/Controller/Rest.php(265): call_user_func_array(Array, Array)
#17 /var/www/html/magento/vendor/magento/module-webapi/Controller/Rest.php(160): Magento\Webapi\Controller\Rest->processApiRequest()
#18 /var/www/html/magento/var/generation/Magento/Webapi/Controller/Rest/Interceptor.php(24): Magento\Webapi\Controller\Rest->dispatch(Object(Magento\Framework\App\Request\Http))
#19 /var/www/html/magento/vendor/magento/framework/App/Http.php(115): Magento\Webapi\Controller\Rest\Interceptor->dispatch(Object(Magento\Framework\App\Request\Http))
#20 /var/www/html/magento/vendor/magento/framework/App/Bootstrap.php(258): Magento\Framework\App\Http->launch()
#21 /var/www/html/magento/index.php(39): Magento\Framework\App\Bootstrap->run(Object(Magento\Framework\App\Http))
#22 {main} [] []
[2016-09-26 20:22:40] main.CRITICAL: exception 'Magento\Framework\Exception\LocalizedException' with message 'PayPal gateway has rejected request. Security header is not valid (#10002: Security error).' in /var/www/html/magento/vendor/magento/framework/ObjectManager/Factory/AbstractFactory.php:99
Stack trace:
#0 /var/www/html/magento/vendor/magento/framework/ObjectManager/Factory/Dynamic/Developer.php(89): Magento\Framework\ObjectManager\Factory\AbstractFactory->createObject('Magento\Framewo...', Array)
#1 /var/www/html/magento/vendor/magento/framework/ObjectManager/ObjectManager.php(57): Magento\Framework\ObjectManager\Factory\Dynamic\Developer->create('Magento\Framewo...', Array)
#2 /var/www/html/magento/var/generation/Magento/Framework/Exception/LocalizedExceptionFactory.php(43): Magento\Framework\ObjectManager\ObjectManager->create('\Magento\Framew...', Array)
#3 /var/www/html/magento/vendor/magento/module-paypal/Model/Api/Nvp.php(1296): Magento\Framework\Exception\LocalizedExceptionFactory->create(Array)
#4 /var/www/html/magento/vendor/magento/module-paypal/Model/Api/Nvp.php(1241): Magento\Paypal\Model\Api\Nvp->_handleCallErrors(Array)
#5 /var/www/html/magento/vendor/magento/module-paypal/Model/Api/Nvp.php(1026): Magento\Paypal\Model\Api\Nvp->call('getPalDetails', Array)
#6 /var/www/html/magento/vendor/magento/module-paypal/Model/Express/Checkout.php(385): Magento\Paypal\Model\Api\Nvp->callGetPalDetails()
#7 /var/www/html/magento/vendor/magento/module-paypal/Block/Express/Shortcut.php(181): Magento\Paypal\Model\Express\Checkout->getCheckoutShortcutImageUrl()
#8 /var/www/html/magento/vendor/magento/framework/View/Element/AbstractBlock.php(656): Magento\Paypal\Block\Express\Shortcut->_beforeToHtml()
#9 /var/www/html/magento/vendor/magento/framework/View/Layout.php(542): Magento\Framework\View\Element\AbstractBlock->toHtml()
#10 /var/www/html/magento/vendor/magento/framework/View/Layout.php(518): Magento\Framework\View\Layout->_renderBlock('wpsexpress\shor...')
#11 /var/www/html/magento/var/generation/Magento/Framework/View/Layout/Interceptor.php(206): Magento\Framework\View\Layout->renderNonCachedElement('wpsexpress\shor...')
#12 /var/www/html/magento/vendor/magento/framework/View/Layout.php(472): Magento\Framework\View\Layout\Interceptor->renderNonCachedElement('wpsexpress\shor...')
#13 /var/www/html/magento/var/generation/Magento/Framework/View/Layout/Interceptor.php(193): Magento\Framework\View\Layout->renderElement('wpsexpress\shor...', true)
#14 /var/www/html/magento/vendor/magento/framework/View/Element/AbstractBlock.php(501): Magento\Framework\View\Layout\Interceptor->renderElement('wpsexpress\shor...', true)
#15 /var/www/html/magento/vendor/magento/module-catalog/Block/ShortcutButtons.php(94): Magento\Framework\View\Element\AbstractBlock->getChildHtml()
#16 /var/www/html/magento/vendor/magento/framework/View/Element/AbstractBlock.php(657): Magento\Catalog\Block\ShortcutButtons->_toHtml()
#17 /var/www/html/magento/vendor/magento/module-checkout/Block/Cart.php(210): Magento\Framework\View\Element\AbstractBlock->toHtml()
#18 /var/www/html/magento/vendor/magento/module-checkout/view/frontend/templates/cart/methods.phtml(17): Magento\Checkout\Block\Cart->getMethodHtml('checkout.cart.s...')
#19 /var/www/html/magento/vendor/magento/framework/View/TemplateEngine/Php.php(59): include('/var/www/html/m...')
#20 /var/www/html/magento/vendor/magento/framework/View/Element/Template.php(255): Magento\Framework\View\TemplateEngine\Php->render(Object(Magento\Checkout\Block\Cart), '/var/www/html/m...', Array)
#21 /var/www/html/magento/vendor/magento/framework/View/Element/Template.php(279): Magento\Framework\View\Element\Template->fetchView('/var/www/html/m...')
#22 /var/www/html/magento/vendor/magento/framework/View/Element/AbstractBlock.php(657): Magento\Framework\View\Element\Template->_toHtml()
#23 /var/www/html/magento/vendor/magento/framework/View/Layout.php(542): Magento\Framework\View\Element\AbstractBlock->toHtml()
#24 /var/www/html/magento/vendor/magento/framework/View/Layout.php(518): Magento\Framework\View\Layout->_renderBlock('checkout.cart.m...')
#25 /var/www/html/magento/var/generation/Magento/Framework/View/Layout/Interceptor.php(206): Magento\Framework\View\Layout->renderNonCachedElement('checkout.cart.m...')
#26 /var/www/html/magento/vendor/magento/framework/View/Layout.php(472): Magento\Framework\View\Layout\Interceptor->renderNonCachedElement('checkout.cart.m...')
#27 /var/www/html/magento/var/generation/Magento/Framework/View/Layout/Interceptor.php(193): Magento\Framework\View\Layout->renderElement('checkout.cart.m...', true)
#28 /var/www/html/magento/vendor/magento/framework/View/Layout.php(569): Magento\Framework\View\Layout\Interceptor->renderElement('checkout.cart.m...')
#29 /var/www/html/magento/vendor/magento/framework/View/Layout.php(520): Magento\Framework\View\Layout->_renderContainer('cart.summary')
#30 /var/www/html/magento/var/generation/Magento/Framework/View/Layout/Interceptor.php(206): Magento\Framework\View\Layout->renderNonCachedElement('cart.summary')
#31 /var/www/html/magento/vendor/magento/framework/View/Layout.php(472): Magento\Framework\View\Layout\Interceptor->renderNonCachedElement('cart.summary')
#32 /var/www/html/magento/var/generation/Magento/Framework/View/Layout/Interceptor.php(193): Magento\Framework\View\Layout->renderElement('cart.summary', true)
#33 /var/www/html/magento/vendor/magento/framework/View/Layout.php(569): Magento\Framework\View\Layout\Interceptor->renderElement('cart.summary')
#34 /var/www/html/magento/vendor/magento/framework/View/Layout.php(520): Magento\Framework\View\Layout->_renderContainer('checkout.cart.c...')
#35 /var/www/html/magento/var/generation/Magento/Framework/View/Layout/Interceptor.php(206): Magento\Framework\View\Layout->renderNonCachedElement('checkout.cart.c...')
#36 /var/www/html/magento/vendor/magento/framework/View/Layout.php(472): Magento\Framework\View\Layout\Interceptor->renderNonCachedElement('checkout.cart.c...')
#37 /var/www/html/magento/var/generation/Magento/Framework/View/Layout/Interceptor.php(193): Magento\Framework\View\Layout->renderElement('checkout.cart.c...', true)
#38 /var/www/html/magento/vendor/magento/framework/View/Layout.php(569): Magento\Framework\View\Layout\Interceptor->renderElement('checkout.cart.c...')
#39 /var/www/html/magento/vendor/magento/framework/View/Layout.php(520): Magento\Framework\View\Layout->_renderContainer('checkout.cart.i...')
#40 /var/www/html/magento/var/generation/Magento/Framework/View/Layout/Interceptor.php(206): Magento\Framework\View\Layout->renderNonCachedElement('checkout.cart.i...')
#41 /var/www/html/magento/vendor/magento/framework/View/Layout.php(472): Magento\Framework\View\Layout\Interceptor->renderNonCachedElement('checkout.cart.i...')
#42 /var/www/html/magento/var/generation/Magento/Framework/View/Layout/Interceptor.php(193): Magento\Framework\View\Layout->renderElement('checkout.cart.i...', true)
#43 /var/www/html/magento/vendor/magento/framework/View/Element/AbstractBlock.php(497): Magento\Framework\View\Layout\Interceptor->renderElement('checkout.cart.i...', true)
#44 /var/www/html/magento/vendor/magento/module-checkout/view/frontend/templates/cart.phtml(15): Magento\Framework\View\Element\AbstractBlock->getChildHtml('with-items')
#45 /var/www/html/magento/vendor/magento/framework/View/TemplateEngine/Php.php(59): include('/var/www/html/m...')
#46 /var/www/html/magento/vendor/magento/framework/View/Element/Template.php(255): Magento\Framework\View\TemplateEngine\Php->render(Object(Magento\Checkout\Block\Cart), '/var/www/html/m...', Array)
#47 /var/www/html/magento/vendor/magento/framework/View/Element/Template.php(279): Magento\Framework\View\Element\Template->fetchView('/var/www/html/m...')
#48 /var/www/html/magento/vendor/magento/framework/View/Element/AbstractBlock.php(657): Magento\Framework\View\Element\Template->_toHtml()
#49 /var/www/html/magento/vendor/magento/framework/View/Layout.php(542): Magento\Framework\View\Element\AbstractBlock->toHtml()
#50 /var/www/html/magento/vendor/magento/framework/View/Layout.php(518): Magento\Framework\View\Layout->_renderBlock('checkout.cart')
#51 /var/www/html/magento/var/generation/Magento/Framework/View/Layout/Interceptor.php(206): Magento\Framework\View\Layout->renderNonCachedElement('checkout.cart')
#52 /var/www/html/magento/vendor/magento/framework/View/Layout.php(472): Magento\Framework\View\Layout\Interceptor->renderNonCachedElement('checkout.cart')
#53 /var/www/html/magento/var/generation/Magento/Framework/View/Layout/Interceptor.php(193): Magento\Framework\View\Layout->renderElement('checkout.cart', true)
#54 /var/www/html/magento/vendor/magento/framework/View/Layout.php(569): Magento\Framework\View\Layout\Interceptor->renderElement('checkout.cart')
#55 /var/www/html/magento/vendor/magento/framework/View/Layout.php(520): Magento\Framework\View\Layout->_renderContainer('content')
#56 /var/www/html/magento/var/generation/Magento/Framework/View/Layout/Interceptor.php(206): Magento\Framework\View\Layout->renderNonCachedElement('content')
#57 /var/www/html/magento/vendor/magento/framework/View/Layout.php(472): Magento\Framework\View\Layout\Interceptor->renderNonCachedElement('content')
#58 /var/www/html/magento/var/generation/Magento/Framework/View/Layout/Interceptor.php(193): Magento\Framework\View\Layout->renderElement('content', true)
#59 /var/www/html/magento/vendor/magento/framework/View/Layout.php(569): Magento\Framework\View\Layout\Interceptor->renderElement('content')
#60 /var/www/html/magento/vendor/magento/framework/View/Layout.php(520): Magento\Framework\View\Layout->_renderContainer('main')
#61 /var/www/html/magento/var/generation/Magento/Framework/View/Layout/Interceptor.php(206): Magento\Framework\View\Layout->renderNonCachedElement('main')
#62 /var/www/html/magento/vendor/magento/framework/View/Layout.php(472): Magento\Framework\View\Layout\Interceptor->renderNonCachedElement('main')
#63 /var/www/html/magento/var/generation/Magento/Framework/View/Layout/Interceptor.php(193): Magento\Framework\View\Layout->renderElement('main', true)
#64 /var/www/html/magento/vendor/magento/framework/View/Layout.php(569): Magento\Framework\View\Layout\Interceptor->renderElement('main')
#65 /var/www/html/magento/vendor/magento/framework/View/Layout.php(520): Magento\Framework\View\Layout->_renderContainer('columns')
#66 /var/www/html/magento/var/generation/Magento/Framework/View/Layout/Interceptor.php(206): Magento\Framework\View\Layout->renderNonCachedElement('columns')
#67 /var/www/html/magento/vendor/magento/framework/View/Layout.php(472): Magento\Framework\View\Layout\Interceptor->renderNonCachedElement('columns')
#68 /var/www/html/magento/var/generation/Magento/Framework/View/Layout/Interceptor.php(193): Magento\Framework\View\Layout->renderElement('columns', true)
#69 /var/www/html/magento/vendor/magento/framework/View/Layout.php(569): Magento\Framework\View\Layout\Interceptor->renderElement('columns')
#70 /var/www/html/magento/vendor/magento/framework/View/Layout.php(520): Magento\Framework\View\Layout->_renderContainer('main.content')
#71 /var/www/html/magento/var/generation/Magento/Framework/View/Layout/Interceptor.php(206): Magento\Framework\View\Layout->renderNonCachedElement('main.content')
#72 /var/www/html/magento/vendor/magento/framework/View/Layout.php(472): Magento\Framework\View\Layout\Interceptor->renderNonCachedElement('main.content')
#73 /var/www/html/magento/var/generation/Magento/Framework/View/Layout/Interceptor.php(193): Magento\Framework\View\Layout->renderElement('main.content', true)
#74 /var/www/html/magento/vendor/magento/framework/View/Layout.php(569): Magento\Framework\View\Layout\Interceptor->renderElement('main.content')
#75 /var/www/html/magento/vendor/magento/framework/View/Layout.php(520): Magento\Framework\View\Layout->_renderContainer('page.wrapper')
#76 /var/www/html/magento/var/generation/Magento/Framework/View/Layout/Interceptor.php(206): Magento\Framework\View\Layout->renderNonCachedElement('page.wrapper')
#77 /var/www/html/magento/vendor/magento/framework/View/Layout.php(472): Magento\Framework\View\Layout\Interceptor->renderNonCachedElement('page.wrapper')
#78 /var/www/html/magento/var/generation/Magento/Framework/View/Layout/Interceptor.php(193): Magento\Framework\View\Layout->renderElement('page.wrapper', true)
#79 /var/www/html/magento/vendor/magento/framework/View/Layout.php(569): Magento\Framework\View\Layout\Interceptor->renderElement('page.wrapper')
#80 /var/www/html/magento/vendor/magento/framework/View/Layout.php(520): Magento\Framework\View\Layout->_renderContainer('root')
#81 /var/www/html/magento/var/generation/Magento/Framework/View/Layout/Interceptor.php(206): Magento\Framework\View\Layout->renderNonCachedElement('root')
#82 /var/www/html/magento/vendor/magento/framework/View/Layout.php(472): Magento\Framework\View\Layout\Interceptor->renderNonCachedElement('root')
#83 /var/www/html/magento/var/generation/Magento/Framework/View/Layout/Interceptor.php(193): Magento\Framework\View\Layout->renderElement('root', true)
#84 /var/www/html/magento/vendor/magento/framework/View/Layout.php(938): Magento\Framework\View\Layout\Interceptor->renderElement('root')
#85 [internal function]: Magento\Framework\View\Layout->getOutput()
#86 /var/www/html/magento/vendor/magento/framework/Interception/Interceptor.php(144): call_user_func_array(Array, Array)
#87 /var/www/html/magento/var/generation/Magento/Framework/View/Layout/Interceptor.php(494): Magento\Framework\View\Layout\Interceptor->___callPlugins('getOutput', Array, Array)
#88 /var/www/html/magento/vendor/magento/framework/View/Result/Page.php(241): Magento\Framework\View\Layout\Interceptor->getOutput()
#89 /var/www/html/magento/vendor/magento/framework/View/Result/Layout.php(162): Magento\Framework\View\Result\Page->render(Object(Magento\Framework\App\Response\Http\Interceptor))
#90 [internal function]: Magento\Framework\View\Result\Layout->renderResult(Object(Magento\Framework\App\Response\Http\Interceptor))
#91 /var/www/html/magento/vendor/magento/framework/Interception/Interceptor.php(74): call_user_func_array(Array, Array)
#92 /var/www/html/magento/vendor/magento/framework/Interception/Chain/Chain.php(70): Magento\Framework\View\Result\Page\Interceptor->___callParent('renderResult', Array)
#93 /var/www/html/magento/vendor/magento/framework/Interception/Chain/Chain.php(63): Magento\Framework\Interception\Chain\Chain->invokeNext('Magento\Framewo...', 'renderResult', Object(Magento\Framework\View\Result\Page\Interceptor), Array, 'result-varnish-...')
#94 /var/www/html/magento/vendor/magento/module-page-cache/Model/Controller/Result/VarnishPlugin.php(74): Magento\Framework\Interception\Chain\Chain->Magento\Framework\Interception\Chain\{closure}(Object(Magento\Framework\App\Response\Http\Interceptor))
#95 [internal function]: Magento\PageCache\Model\Controller\Result\VarnishPlugin->aroundRenderResult(Object(Magento\Framework\View\Result\Page\Interceptor), Object(Closure), Object(Magento\Framework\App\Response\Http\Interceptor))
#96 /var/www/html/magento/vendor/magento/framework/Interception/Chain/Chain.php(68): call_user_func_array(Array, Array)
#97 /var/www/html/magento/vendor/magento/framework/Interception/Interceptor.php(136): Magento\Framework\Interception\Chain\Chain->invokeNext('Magento\Framewo...', 'renderResult', Object(Magento\Framework\View\Result\Page\Interceptor), Array, 'result-builtin-...')
#98 /var/www/html/magento/vendor/magento/module-page-cache/Model/Controller/Result/BuiltinPlugin.php(67): Magento\Framework\View\Result\Page\Interceptor->Magento\Framework\Interception\{closure}(Object(Magento\Framework\App\Response\Http\Interceptor))
#99 [internal function]: Magento\PageCache\Model\Controller\Result\BuiltinPlugin->aroundRenderResult(Object(Magento\Framework\View\Result\Page\Interceptor), Object(Closure), Object(Magento\Framework\App\Response\Http\Interceptor))
#100 /var/www/html/magento/vendor/magento/framework/Interception/Interceptor.php(141): call_user_func_array(Array, Array)
#101 /var/www/html/magento/var/generation/Magento/Framework/View/Result/Page/Interceptor.php(130): Magento\Framework\View\Result\Page\Interceptor->___callPlugins('renderResult', Array, Array)
#102 /var/www/html/magento/vendor/magento/framework/App/Http.php(119): Magento\Framework\View\Result\Page\Interceptor->renderResult(Object(Magento\Framework\App\Response\Http\Interceptor))
#103 /var/www/html/magento/vendor/magento/framework/App/Bootstrap.php(258): Magento\Framework\App\Http->launch()
#104 /var/www/html/magento/index.php(39): Magento\Framework\App\Bootstrap->run(Object(Magento\Framework\App\Http))
#105 {main} [] []
[2016-09-26 20:35:56] main.CRITICAL: exception 'Magento\Framework\Exception\LocalizedException' with message 'PayPal gateway has rejected request. Security header is not valid (#10002: Security error).' in /var/www/html/magento/vendor/magento/framework/ObjectManager/Factory/AbstractFactory.php:99
Stack trace:
#0 /var/www/html/magento/vendor/magento/framework/ObjectManager/Factory/Dynamic/Developer.php(89): Magento\Framework\ObjectManager\Factory\AbstractFactory->createObject('Magento\Framewo...', Array)
#1 /var/www/html/magento/vendor/magento/framework/ObjectManager/ObjectManager.php(57): Magento\Framework\ObjectManager\Factory\Dynamic\Developer->create('Magento\Framewo...', Array)
#2 /var/www/html/magento/var/generation/Magento/Framework/Exception/LocalizedExceptionFactory.php(43): Magento\Framework\ObjectManager\ObjectManager->create('\Magento\Framew...', Array)
#3 /var/www/html/magento/vendor/magento/module-paypal/Model/Api/Nvp.php(1296): Magento\Framework\Exception\LocalizedExceptionFactory->create(Array)
#4 /var/www/html/magento/vendor/magento/module-paypal/Model/Api/Nvp.php(1241): Magento\Paypal\Model\Api\Nvp->_handleCallErrors(Array)
#5 /var/www/html/magento/vendor/magento/module-paypal/Model/Api/Nvp.php(1026): Magento\Paypal\Model\Api\Nvp->call('getPalDetails', Array)
#6 /var/www/html/magento/vendor/magento/module-paypal/Model/Express/Checkout.php(385): Magento\Paypal\Model\Api\Nvp->callGetPalDetails()
#7 /var/www/html/magento/vendor/magento/module-paypal/Block/Express/Shortcut.php(181): Magento\Paypal\Model\Express\Checkout->getCheckoutShortcutImageUrl()
#8 /var/www/html/magento/vendor/magento/framework/View/Element/AbstractBlock.php(656): Magento\Paypal\Block\Express\Shortcut->_beforeToHtml()
#9 /var/www/html/magento/vendor/magento/framework/View/Layout.php(542): Magento\Framework\View\Element\AbstractBlock->toHtml()
#10 /var/www/html/magento/vendor/magento/framework/View/Layout.php(518): Magento\Framework\View\Layout->_renderBlock('wpsexpress\shor...')
#11 /var/www/html/magento/var/generation/Magento/Framework/View/Layout/Interceptor.php(206): Magento\Framework\View\Layout->renderNonCachedElement('wpsexpress\shor...')
#12 /var/www/html/magento/vendor/magento/framework/View/Layout.php(472): Magento\Framework\View\Layout\Interceptor->renderNonCachedElement('wpsexpress\shor...')
#13 /var/www/html/magento/var/generation/Magento/Framework/View/Layout/Interceptor.php(193): Magento\Framework\View\Layout->renderElement('wpsexpress\shor...', true)
#14 /var/www/html/magento/vendor/magento/framework/View/Element/AbstractBlock.php(501): Magento\Framework\View\Layout\Interceptor->renderElement('wpsexpress\shor...', true)
#15 /var/www/html/magento/vendor/magento/module-catalog/Block/ShortcutButtons.php(94): Magento\Framework\View\Element\AbstractBlock->getChildHtml()
#16 /var/www/html/magento/vendor/magento/framework/View/Element/AbstractBlock.php(657): Magento\Catalog\Block\ShortcutButtons->_toHtml()
#17 /var/www/html/magento/vendor/magento/module-checkout/Block/Cart.php(210): Magento\Framework\View\Element\AbstractBlock->toHtml()
#18 /var/www/html/magento/vendor/magento/module-checkout/view/frontend/templates/cart/methods.phtml(17): Magento\Checkout\Block\Cart->getMethodHtml('checkout.cart.s...')
#19 /var/www/html/magento/vendor/magento/framework/View/TemplateEngine/Php.php(59): include('/var/www/html/m...')
#20 /var/www/html/magento/vendor/magento/framework/View/Element/Template.php(255): Magento\Framework\View\TemplateEngine\Php->render(Object(Magento\Checkout\Block\Cart), '/var/www/html/m...', Array)
#21 /var/www/html/magento/vendor/magento/framework/View/Element/Template.php(279): Magento\Framework\View\Element\Template->fetchView('/var/www/html/m...')
#22 /var/www/html/magento/vendor/magento/framework/View/Element/AbstractBlock.php(657): Magento\Framework\View\Element\Template->_toHtml()
#23 /var/www/html/magento/vendor/magento/framework/View/Layout.php(542): Magento\Framework\View\Element\AbstractBlock->toHtml()
#24 /var/www/html/magento/vendor/magento/framework/View/Layout.php(518): Magento\Framework\View\Layout->_renderBlock('checkout.cart.m...')
#25 /var/www/html/magento/var/generation/Magento/Framework/View/Layout/Interceptor.php(206): Magento\Framework\View\Layout->renderNonCachedElement('checkout.cart.m...')
#26 /var/www/html/magento/vendor/magento/framework/View/Layout.php(472): Magento\Framework\View\Layout\Interceptor->renderNonCachedElement('checkout.cart.m...')
#27 /var/www/html/magento/var/generation/Magento/Framework/View/Layout/Interceptor.php(193): Magento\Framework\View\Layout->renderElement('checkout.cart.m...', true)
#28 /var/www/html/magento/vendor/magento/framework/View/Layout.php(569): Magento\Framework\View\Layout\Interceptor->renderElement('checkout.cart.m...')
#29 /var/www/html/magento/vendor/magento/framework/View/Layout.php(520): Magento\Framework\View\Layout->_renderContainer('cart.summary')
#30 /var/www/html/magento/var/generation/Magento/Framework/View/Layout/Interceptor.php(206): Magento\Framework\View\Layout->renderNonCachedElement('cart.summary')
#31 /var/www/html/magento/vendor/magento/framework/View/Layout.php(472): Magento\Framework\View\Layout\Interceptor->renderNonCachedElement('cart.summary')
#32 /var/www/html/magento/var/generation/Magento/Framework/View/Layout/Interceptor.php(193): Magento\Framework\View\Layout->renderElement('cart.summary', true)
#33 /var/www/html/magento/vendor/magento/framework/View/Layout.php(569): Magento\Framework\View\Layout\Interceptor->renderElement('cart.summary')
#34 /var/www/html/magento/vendor/magento/framework/View/Layout.php(520): Magento\Framework\View\Layout->_renderContainer('checkout.cart.c...')
#35 /var/www/html/magento/var/generation/Magento/Framework/View/Layout/Interceptor.php(206): Magento\Framework\View\Layout->renderNonCachedElement('checkout.cart.c...')
#36 /var/www/html/magento/vendor/magento/framework/View/Layout.php(472): Magento\Framework\View\Layout\Interceptor->renderNonCachedElement('checkout.cart.c...')
#37 /var/www/html/magento/var/generation/Magento/Framework/View/Layout/Interceptor.php(193): Magento\Framework\View\Layout->renderElement('checkout.cart.c...', true)
#38 /var/www/html/magento/vendor/magento/framework/View/Layout.php(569): Magento\Framework\View\Layout\Interceptor->renderElement('checkout.cart.c...')
#39 /var/www/html/magento/vendor/magento/framework/View/Layout.php(520): Magento\Framework\View\Layout->_renderContainer('checkout.cart.i...')
#40 /var/www/html/magento/var/generation/Magento/Framework/View/Layout/Interceptor.php(206): Magento\Framework\View\Layout->renderNonCachedElement('checkout.cart.i...')
#41 /var/www/html/magento/vendor/magento/framework/View/Layout.php(472): Magento\Framework\View\Layout\Interceptor->renderNonCachedElement('checkout.cart.i...')
#42 /var/www/html/magento/var/generation/Magento/Framework/View/Layout/Interceptor.php(193): Magento\Framework\View\Layout->renderElement('checkout.cart.i...', true)
#43 /var/www/html/magento/vendor/magento/framework/View/Element/AbstractBlock.php(497): Magento\Framework\View\Layout\Interceptor->renderElement('checkout.cart.i...', true)
#44 /var/www/html/magento/vendor/magento/module-checkout/view/frontend/templates/cart.phtml(15): Magento\Framework\View\Element\AbstractBlock->getChildHtml('with-items')
#45 /var/www/html/magento/vendor/magento/framework/View/TemplateEngine/Php.php(59): include('/var/www/html/m...')
#46 /var/www/html/magento/vendor/magento/framework/View/Element/Template.php(255): Magento\Framework\View\TemplateEngine\Php->render(Object(Magento\Checkout\Block\Cart), '/var/www/html/m...', Array)
#47 /var/www/html/magento/vendor/magento/framework/View/Element/Template.php(279): Magento\Framework\View\Element\Template->fetchView('/var/www/html/m...')
#48 /var/www/html/magento/vendor/magento/framework/View/Element/AbstractBlock.php(657): Magento\Framework\View\Element\Template->_toHtml()
#49 /var/www/html/magento/vendor/magento/framework/View/Layout.php(542): Magento\Framework\View\Element\AbstractBlock->toHtml()
#50 /var/www/html/magento/vendor/magento/framework/View/Layout.php(518): Magento\Framework\View\Layout->_renderBlock('checkout.cart')
#51 /var/www/html/magento/var/generation/Magento/Framework/View/Layout/Interceptor.php(206): Magento\Framework\View\Layout->renderNonCachedElement('checkout.cart')
#52 /var/www/html/magento/vendor/magento/framework/View/Layout.php(472): Magento\Framework\View\Layout\Interceptor->renderNonCachedElement('checkout.cart')
#53 /var/www/html/magento/var/generation/Magento/Framework/View/Layout/Interceptor.php(193): Magento\Framework\View\Layout->renderElement('checkout.cart', true)
#54 /var/www/html/magento/vendor/magento/framework/View/Layout.php(569): Magento\Framework\View\Layout\Interceptor->renderElement('checkout.cart')
#55 /var/www/html/magento/vendor/magento/framework/View/Layout.php(520): Magento\Framework\View\Layout->_renderContainer('content')
#56 /var/www/html/magento/var/generation/Magento/Framework/View/Layout/Interceptor.php(206): Magento\Framework\View\Layout->renderNonCachedElement('content')
#57 /var/www/html/magento/vendor/magento/framework/View/Layout.php(472): Magento\Framework\View\Layout\Interceptor->renderNonCachedElement('content')
#58 /var/www/html/magento/var/generation/Magento/Framework/View/Layout/Interceptor.php(193): Magento\Framework\View\Layout->renderElement('content', true)
#59 /var/www/html/magento/vendor/magento/framework/View/Layout.php(569): Magento\Framework\View\Layout\Interceptor->renderElement('content')
#60 /var/www/html/magento/vendor/magento/framework/View/Layout.php(520): Magento\Framework\View\Layout->_renderContainer('main')
#61 /var/www/html/magento/var/generation/Magento/Framework/View/Layout/Interceptor.php(206): Magento\Framework\View\Layout->renderNonCachedElement('main')
#62 /var/www/html/magento/vendor/magento/framework/View/Layout.php(472): Magento\Framework\View\Layout\Interceptor->renderNonCachedElement('main')
#63 /var/www/html/magento/var/generation/Magento/Framework/View/Layout/Interceptor.php(193): Magento\Framework\View\Layout->renderElement('main', true)
#64 /var/www/html/magento/vendor/magento/framework/View/Layout.php(569): Magento\Framework\View\Layout\Interceptor->renderElement('main')
#65 /var/www/html/magento/vendor/magento/framework/View/Layout.php(520): Magento\Framework\View\Layout->_renderContainer('columns')
#66 /var/www/html/magento/var/generation/Magento/Framework/View/Layout/Interceptor.php(206): Magento\Framework\View\Layout->renderNonCachedElement('columns')
#67 /var/www/html/magento/vendor/magento/framework/View/Layout.php(472): Magento\Framework\View\Layout\Interceptor->renderNonCachedElement('columns')
#68 /var/www/html/magento/var/generation/Magento/Framework/View/Layout/Interceptor.php(193): Magento\Framework\View\Layout->renderElement('columns', true)
#69 /var/www/html/magento/vendor/magento/framework/View/Layout.php(569): Magento\Framework\View\Layout\Interceptor->renderElement('columns')
#70 /var/www/html/magento/vendor/magento/framework/View/Layout.php(520): Magento\Framework\View\Layout->_renderContainer('main.content')
#71 /var/www/html/magento/var/generation/Magento/Framework/View/Layout/Interceptor.php(206): Magento\Framework\View\Layout->renderNonCachedElement('main.content')
#72 /var/www/html/magento/vendor/magento/framework/View/Layout.php(472): Magento\Framework\View\Layout\Interceptor->renderNonCachedElement('main.content')
#73 /var/www/html/magento/var/generation/Magento/Framework/View/Layout/Interceptor.php(193): Magento\Framework\View\Layout->renderElement('main.content', true)
#74 /var/www/html/magento/vendor/magento/framework/View/Layout.php(569): Magento\Framework\View\Layout\Interceptor->renderElement('main.content')
#75 /var/www/html/magento/vendor/magento/framework/View/Layout.php(520): Magento\Framework\View\Layout->_renderContainer('page.wrapper')
#76 /var/www/html/magento/var/generation/Magento/Framework/View/Layout/Interceptor.php(206): Magento\Framework\View\Layout->renderNonCachedElement('page.wrapper')
#77 /var/www/html/magento/vendor/magento/framework/View/Layout.php(472): Magento\Framework\View\Layout\Interceptor->renderNonCachedElement('page.wrapper')
#78 /var/www/html/magento/var/generation/Magento/Framework/View/Layout/Interceptor.php(193): Magento\Framework\View\Layout->renderElement('page.wrapper', true)
#79 /var/www/html/magento/vendor/magento/framework/View/Layout.php(569): Magento\Framework\View\Layout\Interceptor->renderElement('page.wrapper')
#80 /var/www/html/magento/vendor/magento/framework/View/Layout.php(520): Magento\Framework\View\Layout->_renderContainer('root')
#81 /var/www/html/magento/var/generation/Magento/Framework/View/Layout/Interceptor.php(206): Magento\Framework\View\Layout->renderNonCachedElement('root')
#82 /var/www/html/magento/vendor/magento/framework/View/Layout.php(472): Magento\Framework\View\Layout\Interceptor->renderNonCachedElement('root')
#83 /var/www/html/magento/var/generation/Magento/Framework/View/Layout/Interceptor.php(193): Magento\Framework\View\Layout->renderElement('root', true)
#84 /var/www/html/magento/vendor/magento/framework/View/Layout.php(938): Magento\Framework\View\Layout\Interceptor->renderElement('root')
#85 [internal function]: Magento\Framework\View\Layout->getOutput()
#86 /var/www/html/magento/vendor/magento/framework/Interception/Interceptor.php(144): call_user_func_array(Array, Array)
#87 /var/www/html/magento/var/generation/Magento/Framework/View/Layout/Interceptor.php(494): Magento\Framework\View\Layout\Interceptor->___callPlugins('getOutput', Array, Array)
#88 /var/www/html/magento/vendor/magento/framework/View/Result/Page.php(241): Magento\Framework\View\Layout\Interceptor->getOutput()
#89 /var/www/html/magento/vendor/magento/framework/View/Result/Layout.php(162): Magento\Framework\View\Result\Page->render(Object(Magento\Framework\App\Response\Http\Interceptor))
#90 [internal function]: Magento\Framework\View\Result\Layout->renderResult(Object(Magento\Framework\App\Response\Http\Interceptor))
#91 /var/www/html/magento/vendor/magento/framework/Interception/Interceptor.php(74): call_user_func_array(Array, Array)
#92 /var/www/html/magento/vendor/magento/framework/Interception/Chain/Chain.php(70): Magento\Framework\View\Result\Page\Interceptor->___callParent('renderResult', Array)
#93 /var/www/html/magento/vendor/magento/framework/Interception/Chain/Chain.php(63): Magento\Framework\Interception\Chain\Chain->invokeNext('Magento\Framewo...', 'renderResult', Object(Magento\Framework\View\Result\Page\Interceptor), Array, 'result-varnish-...')
#94 /var/www/html/magento/vendor/magento/module-page-cache/Model/Controller/Result/VarnishPlugin.php(74): Magento\Framework\Interception\Chain\Chain->Magento\Framework\Interception\Chain\{closure}(Object(Magento\Framework\App\Response\Http\Interceptor))
#95 [internal function]: Magento\PageCache\Model\Controller\Result\VarnishPlugin->aroundRenderResult(Object(Magento\Framework\View\Result\Page\Interceptor), Object(Closure), Object(Magento\Framework\App\Response\Http\Interceptor))
#96 /var/www/html/magento/vendor/magento/framework/Interception/Chain/Chain.php(68): call_user_func_array(Array, Array)
#97 /var/www/html/magento/vendor/magento/framework/Interception/Interceptor.php(136): Magento\Framework\Interception\Chain\Chain->invokeNext('Magento\Framewo...', 'renderResult', Object(Magento\Framework\View\Result\Page\Interceptor), Array, 'result-builtin-...')
#98 /var/www/html/magento/vendor/magento/module-page-cache/Model/Controller/Result/BuiltinPlugin.php(67): Magento\Framework\View\Result\Page\Interceptor->Magento\Framework\Interception\{closure}(Object(Magento\Framework\App\Response\Http\Interceptor))
#99 [internal function]: Magento\PageCache\Model\Controller\Result\BuiltinPlugin->aroundRenderResult(Object(Magento\Framework\View\Result\Page\Interceptor), Object(Closure), Object(Magento\Framework\App\Response\Http\Interceptor))
#100 /var/www/html/magento/vendor/magento/framework/Interception/Interceptor.php(141): call_user_func_array(Array, Array)
#101 /var/www/html/magento/var/generation/Magento/Framework/View/Result/Page/Interceptor.php(130): Magento\Framework\View\Result\Page\Interceptor->___callPlugins('renderResult', Array, Array)
#102 /var/www/html/magento/vendor/magento/framework/App/Http.php(119): Magento\Framework\View\Result\Page\Interceptor->renderResult(Object(Magento\Framework\App\Response\Http\Interceptor))
#103 /var/www/html/magento/vendor/magento/framework/App/Bootstrap.php(258): Magento\Framework\App\Http->launch()
#104 /var/www/html/magento/index.php(39): Magento\Framework\App\Bootstrap->run(Object(Magento\Framework\App\Http))
#105 {main} [] []
